2022-12-28 23:46:45,412 INFO o.a.j.u.JMeterUtils: Setting Locale to en_EN
2022-12-28 23:46:45,425 INFO o.a.j.JMeter: Loading user properties from: /Users/sergey/Downloads/apache-jmeter-5.5/bin/user.properties
2022-12-28 23:46:45,425 INFO o.a.j.JMeter: Loading system properties from: /Users/sergey/Downloads/apache-jmeter-5.5/bin/system.properties
2022-12-28 23:46:45,429 INFO o.a.j.JMeter: Copyright (c) 1998-2022 The Apache Software Foundation
2022-12-28 23:46:45,429 INFO o.a.j.JMeter: Version 5.5
2022-12-28 23:46:45,429 INFO o.a.j.JMeter: java.version=19.0.1
2022-12-28 23:46:45,429 INFO o.a.j.JMeter: java.vm.name=OpenJDK 64-Bit Server VM
2022-12-28 23:46:45,429 INFO o.a.j.JMeter: os.name=Mac OS X
2022-12-28 23:46:45,429 INFO o.a.j.JMeter: os.arch=aarch64
2022-12-28 23:46:45,429 INFO o.a.j.JMeter: os.version=13.1
2022-12-28 23:46:45,429 INFO o.a.j.JMeter: file.encoding=UTF-8
2022-12-28 23:46:45,429 INFO o.a.j.JMeter: java.awt.headless=true
2022-12-28 23:46:45,429 INFO o.a.j.JMeter: Max memory     =1073741824
2022-12-28 23:46:45,429 INFO o.a.j.JMeter: Available Processors =8
2022-12-28 23:46:45,434 INFO o.a.j.JMeter: Default Locale=English (EN)
2022-12-28 23:46:45,434 INFO o.a.j.JMeter: JMeter  Locale=English (EN)
2022-12-28 23:46:45,434 INFO o.a.j.JMeter: JMeterHome=/Users/sergey/Downloads/apache-jmeter-5.5
2022-12-28 23:46:45,434 INFO o.a.j.JMeter: user.dir  =/Users/sergey/Desktop/kte-labs/shop-jmeter
2022-12-28 23:46:45,435 INFO o.a.j.JMeter: PWD       =/Users/sergey/Desktop/kte-labs/shop-jmeter
2022-12-28 23:46:45,436 INFO o.a.j.JMeter: IP: 127.0.0.1 Name: MacBook-Air-sergey.local FullName: localhost
2022-12-28 23:46:45,441 INFO o.a.j.s.FileServer: Default base='/Users/sergey/Desktop/kte-labs/shop-jmeter'
2022-12-28 23:46:45,441 INFO o.a.j.s.FileServer: Set new base='/Users/sergey/Desktop/kte-labs/shop-jmeter'
2022-12-28 23:46:45,534 INFO o.a.j.s.SaveService: Testplan (JMX) version: 2.2. Testlog (JTL) version: 2.2
2022-12-28 23:46:45,551 INFO o.a.j.s.SaveService: Using SaveService properties version 5.0
2022-12-28 23:46:45,552 INFO o.a.j.s.SaveService: Using SaveService properties file encoding UTF-8
2022-12-28 23:46:45,553 INFO o.a.j.s.SaveService: Loading file: sale-calculate_test.jmx
2022-12-28 23:46:45,575 INFO o.a.j.p.h.s.HTTPSamplerBase: Parser for text/html is org.apache.jmeter.protocol.http.parser.LagartoBasedHtmlParser
2022-12-28 23:46:45,575 INFO o.a.j.p.h.s.HTTPSamplerBase: Parser for application/xhtml+xml is org.apache.jmeter.protocol.http.parser.LagartoBasedHtmlParser
2022-12-28 23:46:45,575 INFO o.a.j.p.h.s.HTTPSamplerBase: Parser for application/xml is org.apache.jmeter.protocol.http.parser.LagartoBasedHtmlParser
2022-12-28 23:46:45,575 INFO o.a.j.p.h.s.HTTPSamplerBase: Parser for text/xml is org.apache.jmeter.protocol.http.parser.LagartoBasedHtmlParser
2022-12-28 23:46:45,575 INFO o.a.j.p.h.s.HTTPSamplerBase: Parser for text/vnd.wap.wml is org.apache.jmeter.protocol.http.parser.RegexpHTMLParser
2022-12-28 23:46:45,575 INFO o.a.j.p.h.s.HTTPSamplerBase: Parser for text/css is org.apache.jmeter.protocol.http.parser.CssParser
2022-12-28 23:46:45,582 INFO o.a.j.JMeter: Creating summariser <summary>
2022-12-28 23:46:45,590 INFO o.a.j.e.StandardJMeterEngine: Running the test!
2022-12-28 23:46:45,590 INFO o.a.j.s.SampleEvent: List of sample_variables: []
2022-12-28 23:46:45,590 INFO o.a.j.s.SampleEvent: List of sample_variables: []
2022-12-28 23:46:45,592 INFO o.a.j.e.u.CompoundVariable: Note: Function class names must contain the string: '.functions.'
2022-12-28 23:46:45,592 INFO o.a.j.e.u.CompoundVariable: Note: Function class names must not contain the string: '.gui.'
2022-12-28 23:46:45,615 INFO o.a.j.JMeter: Running test (1672264005615)
2022-12-28 23:46:45,627 INFO o.a.j.e.StandardJMeterEngine: Starting ThreadGroup: 1 : Thread Group
2022-12-28 23:46:45,627 INFO o.a.j.e.StandardJMeterEngine: Starting 5 threads for group Thread Group.
2022-12-28 23:46:45,627 INFO o.a.j.e.StandardJMeterEngine: Thread will continue on error
2022-12-28 23:46:45,628 INFO o.a.j.t.ThreadGroup: Starting thread group... number=1 threads=5 ramp-up=1 delayedStart=false
2022-12-28 23:46:45,631 INFO o.a.j.t.ThreadGroup: Started thread group number 1
2022-12-28 23:46:45,631 INFO o.a.j.t.JMeterThread: Thread started: Thread Group 1-1
2022-12-28 23:46:45,631 INFO o.a.j.e.StandardJMeterEngine: All thread groups have been started
2022-12-28 23:46:45,642 INFO o.a.j.p.h.s.HTTPHCAbstractImpl: Local host = MacBook-Air-sergey.local
2022-12-28 23:46:45,645 INFO o.a.j.p.h.s.HTTPHC4Impl: HTTP request retry count = 0
2022-12-28 23:46:45,646 INFO o.a.j.s.SampleResult: Note: Sample TimeStamps are START times
2022-12-28 23:46:45,646 INFO o.a.j.s.SampleResult: sampleresult.default.encoding is set to ISO-8859-1
2022-12-28 23:46:45,646 INFO o.a.j.s.SampleResult: sampleresult.useNanoTime=true
2022-12-28 23:46:45,646 INFO o.a.j.s.SampleResult: sampleresult.nanoThreadSleep=5000
2022-12-28 23:46:45,830 INFO o.a.j.t.JMeterThread: Thread started: Thread Group 1-2
2022-12-28 23:46:46,030 INFO o.a.j.t.JMeterThread: Thread started: Thread Group 1-3
2022-12-28 23:46:46,229 INFO o.a.j.t.JMeterThread: Thread started: Thread Group 1-4
2022-12-28 23:46:46,430 INFO o.a.j.t.JMeterThread: Thread started: Thread Group 1-5
2022-12-28 23:46:47,792 INFO o.a.j.t.JMeterThread: Thread is done: Thread Group 1-1
2022-12-28 23:46:47,792 INFO o.a.j.t.JMeterThread: Thread finished: Thread Group 1-1
2022-12-28 23:46:47,810 INFO o.a.j.t.JMeterThread: Thread is done: Thread Group 1-2
2022-12-28 23:46:47,810 INFO o.a.j.t.JMeterThread: Thread finished: Thread Group 1-2
2022-12-28 23:46:47,894 INFO o.a.j.t.JMeterThread: Thread is done: Thread Group 1-3
2022-12-28 23:46:47,894 INFO o.a.j.t.JMeterThread: Thread finished: Thread Group 1-3
2022-12-28 23:46:48,044 INFO o.a.j.t.JMeterThread: Thread is done: Thread Group 1-4
2022-12-28 23:46:48,044 INFO o.a.j.t.JMeterThread: Thread finished: Thread Group 1-4
2022-12-28 23:46:48,180 INFO o.a.j.t.JMeterThread: Thread is done: Thread Group 1-5
2022-12-28 23:46:48,181 INFO o.a.j.t.JMeterThread: Thread finished: Thread Group 1-5
2022-12-28 23:46:48,181 INFO o.a.j.e.StandardJMeterEngine: Notifying test listeners of end of test
2022-12-28 23:46:48,182 INFO o.a.j.r.Summariser: summary =    500 in 00:00:03 =  194.9/s Avg:    18 Min:    10 Max:   100 Err:     0 (0.00%)
